# JRE version: Java(TM) SE Runtime Environment (17.0.9+11) (build 17.0.9+11-LTS-201)
# Java VM: Java HotSpot(TM) 64-Bit Server VM (17.0.9+11-LTS-201, mixed mode, sharing, tiered, compressed oops, compressed class ptrs, g1 gc, windows-amd64)
GC Precious Log:
 CPUs: 4 total, 4 available
 Memory: 4017M
 Large Page Support: Disabled
 NUMA Support: Disabled
 Compressed Oops: Enabled (32-bit)
 Heap Region Size: 1M
 Heap Min Capacity: 8M
 Heap Initial Capacity: 64M
 Heap Max Capacity: 1006M
 Pre-touch: Disabled
 Parallel Workers: 4
 Concurrent Workers: 1
 Concurrent Refinement Workers: 4
 Periodic GC: Disabled
Heap:
 garbage-first heap   total 86016K, used 56727K [0x00000000c1200000, 0x0000000100000000)
  region size 1024K, 21 young (21504K), 5 survivors (5120K)
 Metaspace       used 72763K, committed 73408K, reserved 1114112K
  class space    used 9982K, committed 10304K, reserved 1048576K
GC Heap History (20 events):
Event: 19.824 GC heap before
{Heap before GC invocations=22 (full 0):
 garbage-first heap   total 58368K, used 45321K [0x00000000c1200000, 0x0000000100000000)
  region size 1024K, 18 young (18432K), 3 survivors (3072K)
 Metaspace       used 58926K, committed 59520K, reserved 1114112K
  class space    used 7924K, committed 8192K, reserved 1048576K
}
Event: 19.831 GC heap after
{Heap after GC invocations=23 (full 0):
 garbage-first heap   total 58368K, used 32149K [0x00000000c1200000, 0x0000000100000000)
  region size 1024K, 2 young (2048K), 2 survivors (2048K)
 Metaspace       used 58926K, committed 59520K, reserved 1114112K
  class space    used 7924K, committed 8192K, reserved 1048576K
}
Event: 20.513 GC heap before
{Heap before GC invocations=23 (full 0):
 garbage-first heap   total 58368K, used 46485K [0x00000000c1200000, 0x0000000100000000)
  region size 1024K, 17 young (17408K), 2 survivors (2048K)
 Metaspace       used 60686K, committed 61184K, reserved 1114112K
  class space    used 8262K, committed 8512K, reserved 1048576K
}
Event: 20.520 GC heap after
{Heap after GC invocations=24 (full 0):
 garbage-first heap   total 58368K, used 33048K [0x00000000c1200000, 0x0000000100000000)
  region size 1024K, 2 young (2048K), 2 survivors (2048K)
 Metaspace       used 60686K, committed 61184K, reserved 1114112K
  class space    used 8262K, committed 8512K, reserved 1048576K
}
Event: 20.855 GC heap before
{Heap before GC invocations=25 (full 0):
 garbage-first heap   total 65536K, used 47384K [0x00000000c1200000, 0x0000000100000000)
  region size 1024K, 16 young (16384K), 2 survivors (2048K)
 Metaspace       used 60875K, committed 61312K, reserved 1114112K
  class space    used 8296K, committed 8512K, reserved 1048576K
}
Event: 20.861 GC heap after
{Heap after GC invocations=26 (full 0):
 garbage-first heap   total 65536K, used 33619K [0x00000000c1200000, 0x0000000100000000)
  region size 1024K, 2 young (2048K), 2 survivors (2048K)
 Metaspace       used 60875K, committed 61312K, reserved 1114112K
  class space    used 8296K, committed 8512K, reserved 1048576K
}
Event: 21.754 GC heap before
{Heap before GC invocations=26 (full 0):
 garbage-first heap   total 65536K, used 53075K [0x00000000c1200000, 0x0000000100000000)
  region size 1024K, 21 young (21504K), 2 survivors (2048K)
 Metaspace       used 63995K, committed 64576K, reserved 1114112K
  class space    used 8774K, committed 9088K, reserved 1048576K
}
Event: 21.760 GC heap after
{Heap after GC invocations=27 (full 0):
 garbage-first heap   total 65536K, used 34692K [0x00000000c1200000, 0x0000000100000000)
  region size 1024K, 3 young (3072K), 3 survivors (3072K)
 Metaspace       used 63995K, committed 64576K, reserved 1114112K
  class space    used 8774K, committed 9088K, reserved 1048576K
}
Event: 22.470 GC heap before
{Heap before GC invocations=28 (full 0):
 garbage-first heap   total 65536K, used 53124K [0x00000000c1200000, 0x0000000100000000)
  region size 1024K, 21 young (21504K), 3 survivors (3072K)
 Metaspace       used 65426K, committed 66048K, reserved 1114112K
  class space    used 8975K, committed 9280K, reserved 1048576K
}
Event: 22.478 GC heap after
{Heap after GC invocations=29 (full 0):
 garbage-first heap   total 65536K, used 36342K [0x00000000c1200000, 0x0000000100000000)
  region size 1024K, 3 young (3072K), 3 survivors (3072K)
 Metaspace       used 65426K, committed 66048K, reserved 1114112K
  class space    used 8975K, committed 9280K, reserved 1048576K
}
Event: 22.850 GC heap before
{Heap before GC invocations=29 (full 0):
 garbage-first heap   total 65536K, used 53750K [0x00000000c1200000, 0x0000000100000000)
  region size 1024K, 20 young (20480K), 3 survivors (3072K)
 Metaspace       used 65640K, committed 66240K, reserved 1114112K
  class space    used 8985K, committed 9280K, reserved 1048576K
}
Event: 22.857 GC heap after
{Heap after GC invocations=30 (full 0):
 garbage-first heap   total 65536K, used 36907K [0x00000000c1200000, 0x0000000100000000)
  region size 1024K, 3 young (3072K), 3 survivors (3072K)
 Metaspace       used 65640K, committed 66240K, reserved 1114112K
  class space    used 8985K, committed 9280K, reserved 1048576K
}
Event: 23.255 GC heap before
{Heap before GC invocations=31 (full 0):
 garbage-first heap   total 71680K, used 54315K [0x00000000c1200000, 0x0000000100000000)
  region size 1024K, 20 young (20480K), 3 survivors (3072K)
 Metaspace       used 65779K, committed 66368K, reserved 1114112K
  class space    used 8991K, committed 9280K, reserved 1048576K
}
Event: 23.261 GC heap after
{Heap after GC invocations=32 (full 0):
 garbage-first heap   total 71680K, used 37573K [0x00000000c1200000, 0x0000000100000000)
  region size 1024K, 2 young (2048K), 2 survivors (2048K)
 Metaspace       used 65779K, committed 66368K, reserved 1114112K
  class space    used 8991K, committed 9280K, reserved 1048576K
}
Event: 23.680 GC heap before
{Heap before GC invocations=32 (full 0):
 garbage-first heap   total 71680K, used 59077K [0x00000000c1200000, 0x0000000100000000)
  region size 1024K, 23 young (23552K), 2 survivors (2048K)
 Metaspace       used 66004K, committed 66624K, reserved 1114112K
  class space    used 9010K, committed 9344K, reserved 1048576K
}
Event: 23.688 GC heap after
{Heap after GC invocations=33 (full 0):
 garbage-first heap   total 86016K, used 38059K [0x00000000c1200000, 0x0000000100000000)
  region size 1024K, 2 young (2048K), 2 survivors (2048K)
 Metaspace       used 66004K, committed 66624K, reserved 1114112K
  class space    used 9010K, committed 9344K, reserved 1048576K
}
Event: 25.400 GC heap before
{Heap before GC invocations=34 (full 0):
 garbage-first heap   total 86016K, used 69803K [0x00000000c1200000, 0x0000000100000000)
  region size 1024K, 33 young (33792K), 2 survivors (2048K)
 Metaspace       used 68233K, committed 68800K, reserved 1114112K
  class space    used 9296K, committed 9600K, reserved 1048576K
}
Event: 25.409 GC heap after
{Heap after GC invocations=35 (full 0):
 garbage-first heap   total 86016K, used 39960K [0x00000000c1200000, 0x0000000100000000)
  region size 1024K, 4 young (4096K), 4 survivors (4096K)
 Metaspace       used 68233K, committed 68800K, reserved 1114112K
  class space    used 9296K, committed 9600K, reserved 1048576K
}
Event: 26.617 GC heap before
{Heap before GC invocations=35 (full 0):
 garbage-first heap   total 86016K, used 69656K [0x00000000c1200000, 0x0000000100000000)
  region size 1024K, 33 young (33792K), 4 survivors (4096K)
 Metaspace       used 70749K, committed 71296K, reserved 1114112K
  class space    used 9706K, committed 9984K, reserved 1048576K
}
Event: 26.630 GC heap after
{Heap after GC invocations=36 (full 0):
 garbage-first heap   total 86016K, used 42391K [0x00000000c1200000, 0x0000000100000000)
  region size 1024K, 5 young (5120K), 5 survivors (5120K)
 Metaspace       used 70749K, committed 71296K, reserved 1114112K
  class space    used 9706K, committed 9984K, reserved 1048576K
}

