# JRE version: OpenJDK Runtime Environment Temurin-17.0.9+9 (17.0.9+9) (build 17.0.9+9)
# Java VM: OpenJDK 64-Bit Server VM Temurin-17.0.9+9 (17.0.9+9, mixed mode, tiered, compressed oops, compressed class ptrs, parallel gc, windows-amd64)
GC Precious Log:
 CPUs: 4 total, 4 available
 Memory: 4017M
 Large Page Support: Disabled
 NUMA Support: Disabled
 Compressed Oops: Enabled (32-bit)
 Alignments: Space 512K, Generation 512K, Heap 2M
 Heap Min Capacity: 100M
 Heap Initial Capacity: 100M
 Heap Max Capacity: 1G
 Pre-touch: Disabled
 Parallel Workers: 4
Heap:
 PSYoungGen      total 6144K, used 4669K [0x00000000eab00000, 0x00000000eb300000, 0x0000000100000000)
  eden space 4096K, 76% used [0x00000000eab00000,0x00000000eae0efc0,0x00000000eaf00000)
  from space 2048K, 75% used [0x00000000eb100000,0x00000000eb280610,0x00000000eb300000)
  to   space 2048K, 0% used [0x00000000eaf00000,0x00000000eaf00000,0x00000000eb100000)
 ParOldGen       total 110592K, used 85635K [0x00000000c0000000, 0x00000000c6c00000, 0x00000000eab00000)
  object space 110592K, 77% used [0x00000000c0000000,0x00000000c53a0f08,0x00000000c6c00000)
 Metaspace       used 74289K, committed 75648K, reserved 1179648K
  class space    used 7600K, committed 8192K, reserved 1048576K
GC Heap History (20 events):
Event: 55.136 GC heap before
{Heap before GC invocations=104 (full 5):
 PSYoungGen      total 6656K, used 6628K [0x00000000eab00000, 0x00000000eb480000, 0x0000000100000000)
  eden space 5120K, 100% used [0x00000000eab00000,0x00000000eb000000,0x00000000eb000000)
  from space 1536K, 98% used [0x00000000eb200000,0x00000000eb379290,0x00000000eb380000)
  to   space 2048K, 0% used [0x00000000eb000000,0x00000000eb000000,0x00000000eb200000)
 ParOldGen       total 97792K, used 92162K [0x00000000c0000000, 0x00000000c5f80000, 0x00000000eab00000)
  object space 97792K, 94% used [0x00000000c0000000,0x00000000c5a00838,0x00000000c5f80000)
 Metaspace       used 73984K, committed 75456K, reserved 1179648K
  class space    used 7561K, committed 8192K, reserved 1048576K
}
Event: 55.140 GC heap after
{Heap after GC invocations=104 (full 5):
 PSYoungGen      total 6144K, used 736K [0x00000000eab00000, 0x00000000eb300000, 0x0000000100000000)
  eden space 5120K, 0% used [0x00000000eab00000,0x00000000eab00000,0x00000000eb000000)
  from space 1024K, 71% used [0x00000000eb000000,0x00000000eb0b8000,0x00000000eb100000)
  to   space 1536K, 0% used [0x00000000eb180000,0x00000000eb180000,0x00000000eb300000)
 ParOldGen       total 97792K, used 93610K [0x00000000c0000000, 0x00000000c5f80000, 0x00000000eab00000)
  object space 97792K, 95% used [0x00000000c0000000,0x00000000c5b6a840,0x00000000c5f80000)
 Metaspace       used 73984K, committed 75456K, reserved 1179648K
  class space    used 7561K, committed 8192K, reserved 1048576K
}
Event: 55.244 GC heap before
{Heap before GC invocations=105 (full 5):
 PSYoungGen      total 6144K, used 5856K [0x00000000eab00000, 0x00000000eb300000, 0x0000000100000000)
  eden space 5120K, 100% used [0x00000000eab00000,0x00000000eb000000,0x00000000eb000000)
  from space 1024K, 71% used [0x00000000eb000000,0x00000000eb0b8000,0x00000000eb100000)
  to   space 1536K, 0% used [0x00000000eb180000,0x00000000eb180000,0x00000000eb300000)
 ParOldGen       total 97792K, used 93610K [0x00000000c0000000, 0x00000000c5f80000, 0x00000000eab00000)
  object space 97792K, 95% used [0x00000000c0000000,0x00000000c5b6a840,0x00000000c5f80000)
 Metaspace       used 74021K, committed 75456K, reserved 1179648K
  class space    used 7568K, committed 8192K, reserved 1048576K
}
Event: 55.247 GC heap after
{Heap after GC invocations=105 (full 5):
 PSYoungGen      total 6144K, used 704K [0x00000000eab00000, 0x00000000eb280000, 0x0000000100000000)
  eden space 5120K, 0% used [0x00000000eab00000,0x00000000eab00000,0x00000000eb000000)
  from space 1024K, 68% used [0x00000000eb180000,0x00000000eb230000,0x00000000eb280000)
  to   space 1024K, 0% used [0x00000000eb000000,0x00000000eb000000,0x00000000eb100000)
 ParOldGen       total 97792K, used 94290K [0x00000000c0000000, 0x00000000c5f80000, 0x00000000eab00000)
  object space 97792K, 96% used [0x00000000c0000000,0x00000000c5c14840,0x00000000c5f80000)
 Metaspace       used 74021K, committed 75456K, reserved 1179648K
  class space    used 7568K, committed 8192K, reserved 1048576K
}
Event: 55.315 GC heap before
{Heap before GC invocations=106 (full 5):
 PSYoungGen      total 6144K, used 5824K [0x00000000eab00000, 0x00000000eb280000, 0x0000000100000000)
  eden space 5120K, 100% used [0x00000000eab00000,0x00000000eb000000,0x00000000eb000000)
  from space 1024K, 68% used [0x00000000eb180000,0x00000000eb230000,0x00000000eb280000)
  to   space 1024K, 0% used [0x00000000eb000000,0x00000000eb000000,0x00000000eb100000)
 ParOldGen       total 97792K, used 94290K [0x00000000c0000000, 0x00000000c5f80000, 0x00000000eab00000)
  object space 97792K, 96% used [0x00000000c0000000,0x00000000c5c14840,0x00000000c5f80000)
 Metaspace       used 74065K, committed 75456K, reserved 1179648K
  class space    used 7572K, committed 8192K, reserved 1048576K
}
Event: 55.317 GC heap after
{Heap after GC invocations=106 (full 5):
 PSYoungGen      total 6144K, used 1024K [0x00000000eab00000, 0x00000000eb300000, 0x0000000100000000)
  eden space 5120K, 0% used [0x00000000eab00000,0x00000000eab00000,0x00000000eb000000)
  from space 1024K, 100% used [0x00000000eb000000,0x00000000eb100000,0x00000000eb100000)
  to   space 1536K, 0% used [0x00000000eb180000,0x00000000eb180000,0x00000000eb300000)
 ParOldGen       total 97792K, used 94522K [0x00000000c0000000, 0x00000000c5f80000, 0x00000000eab00000)
  object space 97792K, 96% used [0x00000000c0000000,0x00000000c5c4e840,0x00000000c5f80000)
 Metaspace       used 74065K, committed 75456K, reserved 1179648K
  class space    used 7572K, committed 8192K, reserved 1048576K
}
Event: 55.382 GC heap before
{Heap before GC invocations=107 (full 5):
 PSYoungGen      total 6144K, used 6144K [0x00000000eab00000, 0x00000000eb300000, 0x0000000100000000)
  eden space 5120K, 100% used [0x00000000eab00000,0x00000000eb000000,0x00000000eb000000)
  from space 1024K, 100% used [0x00000000eb000000,0x00000000eb100000,0x00000000eb100000)
  to   space 1536K, 0% used [0x00000000eb180000,0x00000000eb180000,0x00000000eb300000)
 ParOldGen       total 97792K, used 94522K [0x00000000c0000000, 0x00000000c5f80000, 0x00000000eab00000)
  object space 97792K, 96% used [0x00000000c0000000,0x00000000c5c4e840,0x00000000c5f80000)
 Metaspace       used 74092K, committed 75520K, reserved 1179648K
  class space    used 7574K, committed 8192K, reserved 1048576K
}
Event: 55.384 GC heap after
{Heap after GC invocations=107 (full 5):
 PSYoungGen      total 6144K, used 608K [0x00000000eab00000, 0x00000000eb280000, 0x0000000100000000)
  eden space 5120K, 0% used [0x00000000eab00000,0x00000000eab00000,0x00000000eb000000)
  from space 1024K, 59% used [0x00000000eb180000,0x00000000eb218000,0x00000000eb280000)
  to   space 1024K, 0% used [0x00000000eb000000,0x00000000eb000000,0x00000000eb100000)
 ParOldGen       total 97792K, used 95530K [0x00000000c0000000, 0x00000000c5f80000, 0x00000000eab00000)
  object space 97792K, 97% used [0x00000000c0000000,0x00000000c5d4a840,0x00000000c5f80000)
 Metaspace       used 74092K, committed 75520K, reserved 1179648K
  class space    used 7574K, committed 8192K, reserved 1048576K
}
Event: 55.450 GC heap before
{Heap before GC invocations=108 (full 5):
 PSYoungGen      total 6144K, used 5728K [0x00000000eab00000, 0x00000000eb280000, 0x0000000100000000)
  eden space 5120K, 100% used [0x00000000eab00000,0x00000000eb000000,0x00000000eb000000)
  from space 1024K, 59% used [0x00000000eb180000,0x00000000eb218000,0x00000000eb280000)
  to   space 1024K, 0% used [0x00000000eb000000,0x00000000eb000000,0x00000000eb100000)
 ParOldGen       total 97792K, used 95530K [0x00000000c0000000, 0x00000000c5f80000, 0x00000000eab00000)
  object space 97792K, 97% used [0x00000000c0000000,0x00000000c5d4a840,0x00000000c5f80000)
 Metaspace       used 74136K, committed 75520K, reserved 1179648K
  class space    used 7578K, committed 8192K, reserved 1048576K
}
Event: 55.453 GC heap after
{Heap after GC invocations=108 (full 5):
 PSYoungGen      total 6144K, used 704K [0x00000000eab00000, 0x00000000eb200000, 0x0000000100000000)
  eden space 5120K, 0% used [0x00000000eab00000,0x00000000eab00000,0x00000000eb000000)
  from space 1024K, 68% used [0x00000000eb000000,0x00000000eb0b0000,0x00000000eb100000)
  to   space 1024K, 0% used [0x00000000eb100000,0x00000000eb100000,0x00000000eb200000)
 ParOldGen       total 97792K, used 96064K [0x00000000c0000000, 0x00000000c5f80000, 0x00000000eab00000)
  object space 97792K, 98% used [0x00000000c0000000,0x00000000c5dd0050,0x00000000c5f80000)
 Metaspace       used 74136K, committed 75520K, reserved 1179648K
  class space    used 7578K, committed 8192K, reserved 1048576K
}
Event: 55.475 GC heap before
{Heap before GC invocations=109 (full 5):
 PSYoungGen      total 6144K, used 5824K [0x00000000eab00000, 0x00000000eb200000, 0x0000000100000000)
  eden space 5120K, 100% used [0x00000000eab00000,0x00000000eb000000,0x00000000eb000000)
  from space 1024K, 68% used [0x00000000eb000000,0x00000000eb0b0000,0x00000000eb100000)
  to   space 1024K, 0% used [0x00000000eb100000,0x00000000eb100000,0x00000000eb200000)
 ParOldGen       total 97792K, used 96064K [0x00000000c0000000, 0x00000000c5f80000, 0x00000000eab00000)
  object space 97792K, 98% used [0x00000000c0000000,0x00000000c5dd0050,0x00000000c5f80000)
 Metaspace       used 74136K, committed 75520K, reserved 1179648K
  class space    used 7578K, committed 8192K, reserved 1048576K
}
Event: 55.477 GC heap after
{Heap after GC invocations=109 (full 5):
 PSYoungGen      total 5632K, used 384K [0x00000000eab00000, 0x00000000eb180000, 0x0000000100000000)
  eden space 5120K, 0% used [0x00000000eab00000,0x00000000eab00000,0x00000000eb000000)
  from space 512K, 75% used [0x00000000eb100000,0x00000000eb160000,0x00000000eb180000)
  to   space 512K, 0% used [0x00000000eb080000,0x00000000eb080000,0x00000000eb100000)
 ParOldGen       total 97792K, used 96600K [0x00000000c0000000, 0x00000000c5f80000, 0x00000000eab00000)
  object space 97792K, 98% used [0x00000000c0000000,0x00000000c5e56050,0x00000000c5f80000)
 Metaspace       used 74136K, committed 75520K, reserved 1179648K
  class space    used 7578K, committed 8192K, reserved 1048576K
}
Event: 55.573 GC heap before
{Heap before GC invocations=110 (full 5):
 PSYoungGen      total 5632K, used 5504K [0x00000000eab00000, 0x00000000eb180000, 0x0000000100000000)
  eden space 5120K, 100% used [0x00000000eab00000,0x00000000eb000000,0x00000000eb000000)
  from space 512K, 75% used [0x00000000eb100000,0x00000000eb160000,0x00000000eb180000)
  to   space 512K, 0% used [0x00000000eb080000,0x00000000eb080000,0x00000000eb100000)
 ParOldGen       total 97792K, used 96600K [0x00000000c0000000, 0x00000000c5f80000, 0x00000000eab00000)
  object space 97792K, 98% used [0x00000000c0000000,0x00000000c5e56050,0x00000000c5f80000)
 Metaspace       used 74145K, committed 75520K, reserved 1179648K
  class space    used 7579K, committed 8192K, reserved 1048576K
}
Event: 55.574 GC heap after
{Heap after GC invocations=110 (full 5):
 PSYoungGen      total 5632K, used 353K [0x00000000eab00000, 0x00000000eb180000, 0x0000000100000000)
  eden space 5120K, 0% used [0x00000000eab00000,0x00000000eab00000,0x00000000eb000000)
  from space 512K, 68% used [0x00000000eb080000,0x00000000eb0d8470,0x00000000eb100000)
  to   space 512K, 0% used [0x00000000eb100000,0x00000000eb100000,0x00000000eb180000)
 ParOldGen       total 97792K, used 96896K [0x00000000c0000000, 0x00000000c5f80000, 0x00000000eab00000)
  object space 97792K, 99% used [0x00000000c0000000,0x00000000c5ea0050,0x00000000c5f80000)
 Metaspace       used 74145K, committed 75520K, reserved 1179648K
  class space    used 7579K, committed 8192K, reserved 1048576K
}
Event: 55.675 GC heap before
{Heap before GC invocations=111 (full 5):
 PSYoungGen      total 5632K, used 5467K [0x00000000eab00000, 0x00000000eb180000, 0x0000000100000000)
  eden space 5120K, 99% used [0x00000000eab00000,0x00000000eaffe8e8,0x00000000eb000000)
  from space 512K, 68% used [0x00000000eb080000,0x00000000eb0d8470,0x00000000eb100000)
  to   space 512K, 0% used [0x00000000eb100000,0x00000000eb100000,0x00000000eb180000)
 ParOldGen       total 97792K, used 96896K [0x00000000c0000000, 0x00000000c5f80000, 0x00000000eab00000)
  object space 97792K, 99% used [0x00000000c0000000,0x00000000c5ea0050,0x00000000c5f80000)
 Metaspace       used 74150K, committed 75520K, reserved 1179648K
  class space    used 7580K, committed 8192K, reserved 1048576K
}
Event: 55.678 GC heap after
{Heap after GC invocations=111 (full 5):
 PSYoungGen      total 4608K, used 482K [0x00000000eab00000, 0x00000000eb400000, 0x0000000100000000)
  eden space 4096K, 0% used [0x00000000eab00000,0x00000000eab00000,0x00000000eaf00000)
  from space 512K, 94% used [0x00000000eb100000,0x00000000eb178800,0x00000000eb180000)
  to   space 2048K, 0% used [0x00000000eaf00000,0x00000000eaf00000,0x00000000eb100000)
 ParOldGen       total 98304K, used 97987K [0x00000000c0000000, 0x00000000c6000000, 0x00000000eab00000)
  object space 98304K, 99% used [0x00000000c0000000,0x00000000c5fb0e00,0x00000000c6000000)
 Metaspace       used 74150K, committed 75520K, reserved 1179648K
  class space    used 7580K, committed 8192K, reserved 1048576K
}
Event: 55.678 GC heap before
{Heap before GC invocations=112 (full 6):
 PSYoungGen      total 4608K, used 482K [0x00000000eab00000, 0x00000000eb400000, 0x0000000100000000)
  eden space 4096K, 0% used [0x00000000eab00000,0x00000000eab00000,0x00000000eaf00000)
  from space 512K, 94% used [0x00000000eb100000,0x00000000eb178800,0x00000000eb180000)
  to   space 2048K, 0% used [0x00000000eaf00000,0x00000000eaf00000,0x00000000eb100000)
 ParOldGen       total 98304K, used 97987K [0x00000000c0000000, 0x00000000c6000000, 0x00000000eab00000)
  object space 98304K, 99% used [0x00000000c0000000,0x00000000c5fb0e00,0x00000000c6000000)
 Metaspace       used 74150K, committed 75520K, reserved 1179648K
  class space    used 7580K, committed 8192K, reserved 1048576K
}
Event: 55.891 GC heap after
{Heap after GC invocations=112 (full 6):
 PSYoungGen      total 6144K, used 0K [0x00000000eab00000, 0x00000000eb300000, 0x0000000100000000)
  eden space 4096K, 0% used [0x00000000eab00000,0x00000000eab00000,0x00000000eaf00000)
  from space 2048K, 0% used [0x00000000eaf00000,0x00000000eaf00000,0x00000000eb100000)
  to   space 2048K, 0% used [0x00000000eb100000,0x00000000eb100000,0x00000000eb300000)
 ParOldGen       total 110592K, used 85635K [0x00000000c0000000, 0x00000000c6c00000, 0x00000000eab00000)
  object space 110592K, 77% used [0x00000000c0000000,0x00000000c53a0f08,0x00000000c6c00000)
 Metaspace       used 74150K, committed 75520K, reserved 1179648K
  class space    used 7580K, committed 8192K, reserved 1048576K
}
Event: 55.964 GC heap before
{Heap before GC invocations=113 (full 6):
 PSYoungGen      total 6144K, used 4096K [0x00000000eab00000, 0x00000000eb300000, 0x0000000100000000)
  eden space 4096K, 100% used [0x00000000eab00000,0x00000000eaf00000,0x00000000eaf00000)
  from space 2048K, 0% used [0x00000000eaf00000,0x00000000eaf00000,0x00000000eb100000)
  to   space 2048K, 0% used [0x00000000eb100000,0x00000000eb100000,0x00000000eb300000)
 ParOldGen       total 110592K, used 85635K [0x00000000c0000000, 0x00000000c6c00000, 0x00000000eab00000)
  object space 110592K, 77% used [0x00000000c0000000,0x00000000c53a0f08,0x00000000c6c00000)
 Metaspace       used 74270K, committed 75648K, reserved 1179648K
  class space    used 7597K, committed 8192K, reserved 1048576K
}
Event: 55.969 GC heap after
{Heap after GC invocations=113 (full 6):
 PSYoungGen      total 6144K, used 1537K [0x00000000eab00000, 0x00000000eb300000, 0x0000000100000000)
  eden space 4096K, 0% used [0x00000000eab00000,0x00000000eab00000,0x00000000eaf00000)
  from space 2048K, 75% used [0x00000000eb100000,0x00000000eb280610,0x00000000eb300000)
  to   space 2048K, 0% used [0x00000000eaf00000,0x00000000eaf00000,0x00000000eb100000)
 ParOldGen       total 110592K, used 85635K [0x00000000c0000000, 0x00000000c6c00000, 0x00000000eab00000)
  object space 110592K, 77% used [0x00000000c0000000,0x00000000c53a0f08,0x00000000c6c00000)
 Metaspace       used 74270K, committed 75648K, reserved 1179648K
  class space    used 7597K, committed 8192K, reserved 1048576K
}

