# JRE version: OpenJDK Runtime Environment Temurin-17.0.9+9 (17.0.9+9) (build 17.0.9+9)
# Java VM: OpenJDK 64-Bit Server VM Temurin-17.0.9+9 (17.0.9+9, mixed mode, tiered, compressed oops, compressed class ptrs, parallel gc, windows-amd64)
GC Precious Log:
 CPUs: 4 total, 4 available
 Memory: 4017M
 Large Page Support: Disabled
 NUMA Support: Disabled
 Compressed Oops: Enabled (32-bit)
 Alignments: Space 512K, Generation 512K, Heap 2M
 Heap Min Capacity: 100M
 Heap Initial Capacity: 100M
 Heap Max Capacity: 1G
 Pre-touch: Disabled
 Parallel Workers: 4
Heap:
 PSYoungGen      total 4608K, used 2529K [0x00000000eab00000, 0x00000000eb180000, 0x0000000100000000)
  eden space 3584K, 42% used [0x00000000eab00000,0x00000000eac7ffe0,0x00000000eae80000)
  from space 1024K, 97% used [0x00000000eaf00000,0x00000000eaff8680,0x00000000eb000000)
  to   space 1536K, 0% used [0x00000000eb000000,0x00000000eb000000,0x00000000eb180000)
 ParOldGen       total 152064K, used 139508K [0x00000000c0000000, 0x00000000c9480000, 0x00000000eab00000)
  object space 152064K, 91% used [0x00000000c0000000,0x00000000c883d3d8,0x00000000c9480000)
 Metaspace       used 80335K, committed 81792K, reserved 1179648K
  class space    used 8283K, committed 8896K, reserved 1048576K
GC Heap History (20 events):
Event: 85.849 GC heap before
{Heap before GC invocations=294 (full 8):
 PSYoungGen      total 3584K, used 3542K [0x00000000eab00000, 0x00000000eaf80000, 0x0000000100000000)
  eden space 2560K, 100% used [0x00000000eab00000,0x00000000ead80000,0x00000000ead80000)
  from space 1024K, 95% used [0x00000000eae80000,0x00000000eaf75808,0x00000000eaf80000)
  to   space 1024K, 0% used [0x00000000ead80000,0x00000000ead80000,0x00000000eae80000)
 ParOldGen       total 152064K, used 135303K [0x00000000c0000000, 0x00000000c9480000, 0x00000000eab00000)
  object space 152064K, 88% used [0x00000000c0000000,0x00000000c8421f20,0x00000000c9480000)
 Metaspace       used 80309K, committed 81792K, reserved 1179648K
  class space    used 8283K, committed 8896K, reserved 1048576K
}
Event: 85.852 GC heap after
{Heap after GC invocations=294 (full 8):
 PSYoungGen      total 3584K, used 1023K [0x00000000eab00000, 0x00000000eb080000, 0x0000000100000000)
  eden space 2560K, 0% used [0x00000000eab00000,0x00000000eab00000,0x00000000ead80000)
  from space 1024K, 99% used [0x00000000ead80000,0x00000000eae7fc28,0x00000000eae80000)
  to   space 1536K, 0% used [0x00000000eaf00000,0x00000000eaf00000,0x00000000eb080000)
 ParOldGen       total 152064K, used 135575K [0x00000000c0000000, 0x00000000c9480000, 0x00000000eab00000)
  object space 152064K, 89% used [0x00000000c0000000,0x00000000c8465f20,0x00000000c9480000)
 Metaspace       used 80309K, committed 81792K, reserved 1179648K
  class space    used 8283K, committed 8896K, reserved 1048576K
}
Event: 86.102 GC heap before
{Heap before GC invocations=295 (full 8):
 PSYoungGen      total 3584K, used 3583K [0x00000000eab00000, 0x00000000eb080000, 0x0000000100000000)
  eden space 2560K, 100% used [0x00000000eab00000,0x00000000ead80000,0x00000000ead80000)
  from space 1024K, 99% used [0x00000000ead80000,0x00000000eae7fc28,0x00000000eae80000)
  to   space 1536K, 0% used [0x00000000eaf00000,0x00000000eaf00000,0x00000000eb080000)
 ParOldGen       total 152064K, used 135575K [0x00000000c0000000, 0x00000000c9480000, 0x00000000eab00000)
  object space 152064K, 89% used [0x00000000c0000000,0x00000000c8465f20,0x00000000c9480000)
 Metaspace       used 80310K, committed 81792K, reserved 1179648K
  class space    used 8283K, committed 8896K, reserved 1048576K
}
Event: 86.105 GC heap after
{Heap after GC invocations=295 (full 8):
 PSYoungGen      total 3584K, used 1508K [0x00000000eab00000, 0x00000000eb180000, 0x0000000100000000)
  eden space 2048K, 0% used [0x00000000eab00000,0x00000000eab00000,0x00000000ead00000)
  from space 1536K, 98% used [0x00000000eaf00000,0x00000000eb0793d8,0x00000000eb080000)
  to   space 2048K, 0% used [0x00000000ead00000,0x00000000ead00000,0x00000000eaf00000)
 ParOldGen       total 152064K, used 135902K [0x00000000c0000000, 0x00000000c9480000, 0x00000000eab00000)
  object space 152064K, 89% used [0x00000000c0000000,0x00000000c84b7a70,0x00000000c9480000)
 Metaspace       used 80310K, committed 81792K, reserved 1179648K
  class space    used 8283K, committed 8896K, reserved 1048576K
}
Event: 86.114 GC heap before
{Heap before GC invocations=296 (full 8):
 PSYoungGen      total 3584K, used 3556K [0x00000000eab00000, 0x00000000eb180000, 0x0000000100000000)
  eden space 2048K, 100% used [0x00000000eab00000,0x00000000ead00000,0x00000000ead00000)
  from space 1536K, 98% used [0x00000000eaf00000,0x00000000eb0793d8,0x00000000eb080000)
  to   space 2048K, 0% used [0x00000000ead00000,0x00000000ead00000,0x00000000eaf00000)
 ParOldGen       total 152064K, used 135902K [0x00000000c0000000, 0x00000000c9480000, 0x00000000eab00000)
  object space 152064K, 89% used [0x00000000c0000000,0x00000000c84b7a70,0x00000000c9480000)
 Metaspace       used 80316K, committed 81792K, reserved 1179648K
  class space    used 8283K, committed 8896K, reserved 1048576K
}
Event: 86.118 GC heap after
{Heap after GC invocations=296 (full 8):
 PSYoungGen      total 4096K, used 1705K [0x00000000eab00000, 0x00000000eb180000, 0x0000000100000000)
  eden space 2048K, 0% used [0x00000000eab00000,0x00000000eab00000,0x00000000ead00000)
  from space 2048K, 83% used [0x00000000ead00000,0x00000000eaeaa5e8,0x00000000eaf00000)
  to   space 2048K, 0% used [0x00000000eaf80000,0x00000000eaf80000,0x00000000eb180000)
 ParOldGen       total 152064K, used 136054K [0x00000000c0000000, 0x00000000c9480000, 0x00000000eab00000)
  object space 152064K, 89% used [0x00000000c0000000,0x00000000c84dda70,0x00000000c9480000)
 Metaspace       used 80316K, committed 81792K, reserved 1179648K
  class space    used 8283K, committed 8896K, reserved 1048576K
}
Event: 86.130 GC heap before
{Heap before GC invocations=297 (full 8):
 PSYoungGen      total 4096K, used 3753K [0x00000000eab00000, 0x00000000eb180000, 0x0000000100000000)
  eden space 2048K, 100% used [0x00000000eab00000,0x00000000ead00000,0x00000000ead00000)
  from space 2048K, 83% used [0x00000000ead00000,0x00000000eaeaa5e8,0x00000000eaf00000)
  to   space 2048K, 0% used [0x00000000eaf80000,0x00000000eaf80000,0x00000000eb180000)
 ParOldGen       total 152064K, used 136054K [0x00000000c0000000, 0x00000000c9480000, 0x00000000eab00000)
  object space 152064K, 89% used [0x00000000c0000000,0x00000000c84dda70,0x00000000c9480000)
 Metaspace       used 80316K, committed 81792K, reserved 1179648K
  class space    used 8283K, committed 8896K, reserved 1048576K
}
Event: 86.134 GC heap after
{Heap after GC invocations=297 (full 8):
 PSYoungGen      total 4608K, used 1683K [0x00000000eab00000, 0x00000000eb180000, 0x0000000100000000)
  eden space 2560K, 0% used [0x00000000eab00000,0x00000000eab00000,0x00000000ead80000)
  from space 2048K, 82% used [0x00000000eaf80000,0x00000000eb124c00,0x00000000eb180000)
  to   space 2048K, 0% used [0x00000000ead80000,0x00000000ead80000,0x00000000eaf80000)
 ParOldGen       total 152064K, used 136318K [0x00000000c0000000, 0x00000000c9480000, 0x00000000eab00000)
  object space 152064K, 89% used [0x00000000c0000000,0x00000000c851fa70,0x00000000c9480000)
 Metaspace       used 80316K, committed 81792K, reserved 1179648K
  class space    used 8283K, committed 8896K, reserved 1048576K
}
Event: 86.145 GC heap before
{Heap before GC invocations=298 (full 8):
 PSYoungGen      total 4608K, used 4242K [0x00000000eab00000, 0x00000000eb180000, 0x0000000100000000)
  eden space 2560K, 99% used [0x00000000eab00000,0x00000000ead7fff8,0x00000000ead80000)
  from space 2048K, 82% used [0x00000000eaf80000,0x00000000eb124c00,0x00000000eb180000)
  to   space 2048K, 0% used [0x00000000ead80000,0x00000000ead80000,0x00000000eaf80000)
 ParOldGen       total 152064K, used 136318K [0x00000000c0000000, 0x00000000c9480000, 0x00000000eab00000)
  object space 152064K, 89% used [0x00000000c0000000,0x00000000c851fa70,0x00000000c9480000)
 Metaspace       used 80316K, committed 81792K, reserved 1179648K
  class space    used 8283K, committed 8896K, reserved 1048576K
}
Event: 86.147 GC heap after
{Heap after GC invocations=298 (full 8):
 PSYoungGen      total 4608K, used 1524K [0x00000000eab00000, 0x00000000eb200000, 0x0000000100000000)
  eden space 2560K, 0% used [0x00000000eab00000,0x00000000eab00000,0x00000000ead80000)
  from space 2048K, 74% used [0x00000000ead80000,0x00000000eaefd2b0,0x00000000eaf80000)
  to   space 2048K, 0% used [0x00000000eb000000,0x00000000eb000000,0x00000000eb200000)
 ParOldGen       total 152064K, used 136813K [0x00000000c0000000, 0x00000000c9480000, 0x00000000eab00000)
  object space 152064K, 89% used [0x00000000c0000000,0x00000000c859b6b8,0x00000000c9480000)
 Metaspace       used 80316K, committed 81792K, reserved 1179648K
  class space    used 8283K, committed 8896K, reserved 1048576K
}
Event: 86.299 GC heap before
{Heap before GC invocations=299 (full 8):
 PSYoungGen      total 4608K, used 4084K [0x00000000eab00000, 0x00000000eb200000, 0x0000000100000000)
  eden space 2560K, 100% used [0x00000000eab00000,0x00000000ead80000,0x00000000ead80000)
  from space 2048K, 74% used [0x00000000ead80000,0x00000000eaefd2b0,0x00000000eaf80000)
  to   space 2048K, 0% used [0x00000000eb000000,0x00000000eb000000,0x00000000eb200000)
 ParOldGen       total 152064K, used 136813K [0x00000000c0000000, 0x00000000c9480000, 0x00000000eab00000)
  object space 152064K, 89% used [0x00000000c0000000,0x00000000c859b6b8,0x00000000c9480000)
 Metaspace       used 80322K, committed 81792K, reserved 1179648K
  class space    used 8283K, committed 8896K, reserved 1048576K
}
Event: 86.302 GC heap after
{Heap after GC invocations=299 (full 8):
 PSYoungGen      total 4608K, used 1044K [0x00000000eab00000, 0x00000000eb180000, 0x0000000100000000)
  eden space 3072K, 0% used [0x00000000eab00000,0x00000000eab00000,0x00000000eae00000)
  from space 1536K, 68% used [0x00000000eb000000,0x00000000eb105200,0x00000000eb180000)
  to   space 1536K, 0% used [0x00000000eae80000,0x00000000eae80000,0x00000000eb000000)
 ParOldGen       total 152064K, used 137715K [0x00000000c0000000, 0x00000000c9480000, 0x00000000eab00000)
  object space 152064K, 90% used [0x00000000c0000000,0x00000000c867cfc8,0x00000000c9480000)
 Metaspace       used 80322K, committed 81792K, reserved 1179648K
  class space    used 8283K, committed 8896K, reserved 1048576K
}
Event: 86.326 GC heap before
{Heap before GC invocations=300 (full 8):
 PSYoungGen      total 4608K, used 4116K [0x00000000eab00000, 0x00000000eb180000, 0x0000000100000000)
  eden space 3072K, 100% used [0x00000000eab00000,0x00000000eae00000,0x00000000eae00000)
  from space 1536K, 68% used [0x00000000eb000000,0x00000000eb105200,0x00000000eb180000)
  to   space 1536K, 0% used [0x00000000eae80000,0x00000000eae80000,0x00000000eb000000)
 ParOldGen       total 152064K, used 137715K [0x00000000c0000000, 0x00000000c9480000, 0x00000000eab00000)
  object space 152064K, 90% used [0x00000000c0000000,0x00000000c867cfc8,0x00000000c9480000)
 Metaspace       used 80335K, committed 81792K, reserved 1179648K
  class space    used 8283K, committed 8896K, reserved 1048576K
}
Event: 86.329 GC heap after
{Heap after GC invocations=300 (full 8):
 PSYoungGen      total 5120K, used 387K [0x00000000eab00000, 0x00000000eb100000, 0x0000000100000000)
  eden space 3584K, 0% used [0x00000000eab00000,0x00000000eab00000,0x00000000eae80000)
  from space 1536K, 25% used [0x00000000eae80000,0x00000000eaee0f10,0x00000000eb000000)
  to   space 1024K, 0% used [0x00000000eb000000,0x00000000eb000000,0x00000000eb100000)
 ParOldGen       total 152064K, used 138203K [0x00000000c0000000, 0x00000000c9480000, 0x00000000eab00000)
  object space 152064K, 90% used [0x00000000c0000000,0x00000000c86f6fc8,0x00000000c9480000)
 Metaspace       used 80335K, committed 81792K, reserved 1179648K
  class space    used 8283K, committed 8896K, reserved 1048576K
}
Event: 86.498 GC heap before
{Heap before GC invocations=301 (full 8):
 PSYoungGen      total 5120K, used 3971K [0x00000000eab00000, 0x00000000eb100000, 0x0000000100000000)
  eden space 3584K, 100% used [0x00000000eab00000,0x00000000eae80000,0x00000000eae80000)
  from space 1536K, 25% used [0x00000000eae80000,0x00000000eaee0f10,0x00000000eb000000)
  to   space 1024K, 0% used [0x00000000eb000000,0x00000000eb000000,0x00000000eb100000)
 ParOldGen       total 152064K, used 138203K [0x00000000c0000000, 0x00000000c9480000, 0x00000000eab00000)
  object space 152064K, 90% used [0x00000000c0000000,0x00000000c86f6fc8,0x00000000c9480000)
 Metaspace       used 80335K, committed 81792K, reserved 1179648K
  class space    used 8283K, committed 8896K, reserved 1048576K
}
Event: 86.499 GC heap after
{Heap after GC invocations=301 (full 8):
 PSYoungGen      total 4096K, used 384K [0x00000000eab00000, 0x00000000eb080000, 0x0000000100000000)
  eden space 3584K, 0% used [0x00000000eab00000,0x00000000eab00000,0x00000000eae80000)
  from space 512K, 75% used [0x00000000eb000000,0x00000000eb060000,0x00000000eb080000)
  to   space 512K, 0% used [0x00000000eaf80000,0x00000000eaf80000,0x00000000eb000000)
 ParOldGen       total 152064K, used 138494K [0x00000000c0000000, 0x00000000c9480000, 0x00000000eab00000)
  object space 152064K, 91% used [0x00000000c0000000,0x00000000c873fbd0,0x00000000c9480000)
 Metaspace       used 80335K, committed 81792K, reserved 1179648K
  class space    used 8283K, committed 8896K, reserved 1048576K
}
Event: 86.636 GC heap before
{Heap before GC invocations=302 (full 8):
 PSYoungGen      total 4096K, used 3968K [0x00000000eab00000, 0x00000000eb080000, 0x0000000100000000)
  eden space 3584K, 100% used [0x00000000eab00000,0x00000000eae80000,0x00000000eae80000)
  from space 512K, 75% used [0x00000000eb000000,0x00000000eb060000,0x00000000eb080000)
  to   space 512K, 0% used [0x00000000eaf80000,0x00000000eaf80000,0x00000000eb000000)
 ParOldGen       total 152064K, used 138494K [0x00000000c0000000, 0x00000000c9480000, 0x00000000eab00000)
  object space 152064K, 91% used [0x00000000c0000000,0x00000000c873fbd0,0x00000000c9480000)
 Metaspace       used 80335K, committed 81792K, reserved 1179648K
  class space    used 8283K, committed 8896K, reserved 1048576K
}
Event: 86.637 GC heap after
{Heap after GC invocations=302 (full 8):
 PSYoungGen      total 4096K, used 502K [0x00000000eab00000, 0x00000000eb180000, 0x0000000100000000)
  eden space 3584K, 0% used [0x00000000eab00000,0x00000000eab00000,0x00000000eae80000)
  from space 512K, 98% used [0x00000000eaf80000,0x00000000eaffd808,0x00000000eb000000)
  to   space 1536K, 0% used [0x00000000eb000000,0x00000000eb000000,0x00000000eb180000)
 ParOldGen       total 152064K, used 138950K [0x00000000c0000000, 0x00000000c9480000, 0x00000000eab00000)
  object space 152064K, 91% used [0x00000000c0000000,0x00000000c87b1bd0,0x00000000c9480000)
 Metaspace       used 80335K, committed 81792K, reserved 1179648K
  class space    used 8283K, committed 8896K, reserved 1048576K
}
Event: 86.670 GC heap before
{Heap before GC invocations=303 (full 8):
 PSYoungGen      total 4096K, used 4086K [0x00000000eab00000, 0x00000000eb180000, 0x0000000100000000)
  eden space 3584K, 100% used [0x00000000eab00000,0x00000000eae80000,0x00000000eae80000)
  from space 512K, 98% used [0x00000000eaf80000,0x00000000eaffd808,0x00000000eb000000)
  to   space 1536K, 0% used [0x00000000eb000000,0x00000000eb000000,0x00000000eb180000)
 ParOldGen       total 152064K, used 138950K [0x00000000c0000000, 0x00000000c9480000, 0x00000000eab00000)
  object space 152064K, 91% used [0x00000000c0000000,0x00000000c87b1bd0,0x00000000c9480000)
 Metaspace       used 80335K, committed 81792K, reserved 1179648K
  class space    used 8283K, committed 8896K, reserved 1048576K
}
Event: 86.672 GC heap after
{Heap after GC invocations=303 (full 8):
 PSYoungGen      total 4608K, used 576K [0x00000000eab00000, 0x00000000eb100000, 0x0000000100000000)
  eden space 3584K, 0% used [0x00000000eab00000,0x00000000eab00000,0x00000000eae80000)
  from space 1024K, 56% used [0x00000000eb000000,0x00000000eb090000,0x00000000eb100000)
  to   space 1024K, 0% used [0x00000000eaf00000,0x00000000eaf00000,0x00000000eb000000)
 ParOldGen       total 152064K, used 139420K [0x00000000c0000000, 0x00000000c9480000, 0x00000000eab00000)
  object space 152064K, 91% used [0x00000000c0000000,0x00000000c88273d8,0x00000000c9480000)
 Metaspace       used 80335K, committed 81792K, reserved 1179648K
  class space    used 8283K, committed 8896K, reserved 1048576K
}

