# JRE version: OpenJDK Runtime Environment Temurin-17.0.9+9 (17.0.9+9) (build 17.0.9+9)
# Java VM: OpenJDK 64-Bit Server VM Temurin-17.0.9+9 (17.0.9+9, mixed mode, tiered, compressed oops, compressed class ptrs, parallel gc, windows-amd64)
GC Precious Log:
 CPUs: 4 total, 4 available
 Memory: 4017M
 Large Page Support: Disabled
 NUMA Support: Disabled
 Compressed Oops: Enabled (32-bit)
 Alignments: Space 512K, Generation 512K, Heap 2M
 Heap Min Capacity: 100M
 Heap Initial Capacity: 100M
 Heap Max Capacity: 1G
 Pre-touch: Disabled
 Parallel Workers: 4
Heap:
 PSYoungGen      total 3072K, used 1152K [0x00000000eab00000, 0x00000000eaf80000, 0x0000000100000000)
  eden space 1536K, 6% used [0x00000000eab00000,0x00000000eab18378,0x00000000eac80000)
  from space 1536K, 68% used [0x00000000eae00000,0x00000000eaf08000,0x00000000eaf80000)
  to   space 1536K, 0% used [0x00000000eac80000,0x00000000eac80000,0x00000000eae00000)
 ParOldGen       total 129536K, used 107887K [0x00000000c0000000, 0x00000000c7e80000, 0x00000000eab00000)
  object space 129536K, 83% used [0x00000000c0000000,0x00000000c695bc78,0x00000000c7e80000)
 Metaspace       used 79426K, committed 80832K, reserved 1179648K
  class space    used 8132K, committed 8768K, reserved 1048576K
GC Heap History (20 events):
Event: 88.794 GC heap before
{Heap before GC invocations=365 (full 11):
 PSYoungGen      total 2560K, used 2505K [0x00000000eab00000, 0x00000000eaf80000, 0x0000000100000000)
  eden space 1536K, 100% used [0x00000000eab00000,0x00000000eac80000,0x00000000eac80000)
  from space 1024K, 94% used [0x00000000ead80000,0x00000000eae72740,0x00000000eae80000)
  to   space 1024K, 0% used [0x00000000eae80000,0x00000000eae80000,0x00000000eaf80000)
 ParOldGen       total 129536K, used 107293K [0x00000000c0000000, 0x00000000c7e80000, 0x00000000eab00000)
  object space 129536K, 82% used [0x00000000c0000000,0x00000000c68c74b8,0x00000000c7e80000)
 Metaspace       used 79210K, committed 80704K, reserved 1179648K
  class space    used 8109K, committed 8768K, reserved 1048576K
}
Event: 88.797 GC heap after
{Heap after GC invocations=365 (full 11):
 PSYoungGen      total 2560K, used 1004K [0x00000000eab00000, 0x00000000eaf80000, 0x0000000100000000)
  eden space 1536K, 0% used [0x00000000eab00000,0x00000000eab00000,0x00000000eac80000)
  from space 1024K, 98% used [0x00000000eae80000,0x00000000eaf7b2f8,0x00000000eaf80000)
  to   space 1536K, 0% used [0x00000000eac80000,0x00000000eac80000,0x00000000eae00000)
 ParOldGen       total 129536K, used 107627K [0x00000000c0000000, 0x00000000c7e80000, 0x00000000eab00000)
  object space 129536K, 83% used [0x00000000c0000000,0x00000000c691af80,0x00000000c7e80000)
 Metaspace       used 79210K, committed 80704K, reserved 1179648K
  class space    used 8109K, committed 8768K, reserved 1048576K
}
Event: 88.881 GC heap before
{Heap before GC invocations=366 (full 11):
 PSYoungGen      total 2560K, used 2540K [0x00000000eab00000, 0x00000000eaf80000, 0x0000000100000000)
  eden space 1536K, 100% used [0x00000000eab00000,0x00000000eac80000,0x00000000eac80000)
  from space 1024K, 98% used [0x00000000eae80000,0x00000000eaf7b2f8,0x00000000eaf80000)
  to   space 1536K, 0% used [0x00000000eac80000,0x00000000eac80000,0x00000000eae00000)
 ParOldGen       total 129536K, used 107627K [0x00000000c0000000, 0x00000000c7e80000, 0x00000000eab00000)
  object space 129536K, 83% used [0x00000000c0000000,0x00000000c691af80,0x00000000c7e80000)
 Metaspace       used 79230K, committed 80704K, reserved 1179648K
  class space    used 8113K, committed 8768K, reserved 1048576K
}
Event: 88.886 GC heap after
{Heap after GC invocations=366 (full 11):
 PSYoungGen      total 3072K, used 832K [0x00000000eab00000, 0x00000000eaf00000, 0x0000000100000000)
  eden space 1536K, 0% used [0x00000000eab00000,0x00000000eab00000,0x00000000eac80000)
  from space 1536K, 54% used [0x00000000eac80000,0x00000000ead50000,0x00000000eae00000)
  to   space 1024K, 0% used [0x00000000eae00000,0x00000000eae00000,0x00000000eaf00000)
 ParOldGen       total 129536K, used 107627K [0x00000000c0000000, 0x00000000c7e80000, 0x00000000eab00000)
  object space 129536K, 83% used [0x00000000c0000000,0x00000000c691af80,0x00000000c7e80000)
 Metaspace       used 79230K, committed 80704K, reserved 1179648K
  class space    used 8113K, committed 8768K, reserved 1048576K
}
Event: 89.128 GC heap before
{Heap before GC invocations=367 (full 11):
 PSYoungGen      total 3072K, used 2366K [0x00000000eab00000, 0x00000000eaf00000, 0x0000000100000000)
  eden space 1536K, 99% used [0x00000000eab00000,0x00000000eac7fad8,0x00000000eac80000)
  from space 1536K, 54% used [0x00000000eac80000,0x00000000ead50000,0x00000000eae00000)
  to   space 1024K, 0% used [0x00000000eae00000,0x00000000eae00000,0x00000000eaf00000)
 ParOldGen       total 129536K, used 107627K [0x00000000c0000000, 0x00000000c7e80000, 0x00000000eab00000)
  object space 129536K, 83% used [0x00000000c0000000,0x00000000c691af80,0x00000000c7e80000)
 Metaspace       used 79373K, committed 80768K, reserved 1179648K
  class space    used 8126K, committed 8768K, reserved 1048576K
}
Event: 89.130 GC heap after
{Heap after GC invocations=367 (full 11):
 PSYoungGen      total 2560K, used 928K [0x00000000eab00000, 0x00000000eaf00000, 0x0000000100000000)
  eden space 1536K, 0% used [0x00000000eab00000,0x00000000eab00000,0x00000000eac80000)
  from space 1024K, 90% used [0x00000000eae00000,0x00000000eaee8000,0x00000000eaf00000)
  to   space 1024K, 0% used [0x00000000ead00000,0x00000000ead00000,0x00000000eae00000)
 ParOldGen       total 129536K, used 107651K [0x00000000c0000000, 0x00000000c7e80000, 0x00000000eab00000)
  object space 129536K, 83% used [0x00000000c0000000,0x00000000c6920f80,0x00000000c7e80000)
 Metaspace       used 79373K, committed 80768K, reserved 1179648K
  class space    used 8126K, committed 8768K, reserved 1048576K
}
Event: 89.295 GC heap before
{Heap before GC invocations=368 (full 11):
 PSYoungGen      total 2560K, used 2449K [0x00000000eab00000, 0x00000000eaf00000, 0x0000000100000000)
  eden space 1536K, 99% used [0x00000000eab00000,0x00000000eac7c628,0x00000000eac80000)
  from space 1024K, 90% used [0x00000000eae00000,0x00000000eaee8000,0x00000000eaf00000)
  to   space 1024K, 0% used [0x00000000ead00000,0x00000000ead00000,0x00000000eae00000)
 ParOldGen       total 129536K, used 107651K [0x00000000c0000000, 0x00000000c7e80000, 0x00000000eab00000)
  object space 129536K, 83% used [0x00000000c0000000,0x00000000c6920f80,0x00000000c7e80000)
 Metaspace       used 79401K, committed 80832K, reserved 1179648K
  class space    used 8132K, committed 8768K, reserved 1048576K
}
Event: 89.297 GC heap after
{Heap after GC invocations=368 (full 11):
 PSYoungGen      total 2560K, used 1024K [0x00000000eab00000, 0x00000000eaf80000, 0x0000000100000000)
  eden space 1536K, 0% used [0x00000000eab00000,0x00000000eab00000,0x00000000eac80000)
  from space 1024K, 100% used [0x00000000ead00000,0x00000000eae00000,0x00000000eae00000)
  to   space 1536K, 0% used [0x00000000eae00000,0x00000000eae00000,0x00000000eaf80000)
 ParOldGen       total 129536K, used 107699K [0x00000000c0000000, 0x00000000c7e80000, 0x00000000eab00000)
  object space 129536K, 83% used [0x00000000c0000000,0x00000000c692cf80,0x00000000c7e80000)
 Metaspace       used 79401K, committed 80832K, reserved 1179648K
  class space    used 8132K, committed 8768K, reserved 1048576K
}
Event: 89.375 GC heap before
{Heap before GC invocations=369 (full 11):
 PSYoungGen      total 2560K, used 2232K [0x00000000eab00000, 0x00000000eaf80000, 0x0000000100000000)
  eden space 1536K, 78% used [0x00000000eab00000,0x00000000eac2e058,0x00000000eac80000)
  from space 1024K, 100% used [0x00000000ead00000,0x00000000eae00000,0x00000000eae00000)
  to   space 1536K, 0% used [0x00000000eae00000,0x00000000eae00000,0x00000000eaf80000)
 ParOldGen       total 129536K, used 107699K [0x00000000c0000000, 0x00000000c7e80000, 0x00000000eab00000)
  object space 129536K, 83% used [0x00000000c0000000,0x00000000c692cf80,0x00000000c7e80000)
 Metaspace       used 79409K, committed 80832K, reserved 1179648K
  class space    used 8132K, committed 8768K, reserved 1048576K
}
Event: 89.377 GC heap after
{Heap after GC invocations=369 (full 11):
 PSYoungGen      total 3072K, used 1088K [0x00000000eab00000, 0x00000000eaf80000, 0x0000000100000000)
  eden space 1536K, 0% used [0x00000000eab00000,0x00000000eab00000,0x00000000eac80000)
  from space 1536K, 70% used [0x00000000eae00000,0x00000000eaf10000,0x00000000eaf80000)
  to   space 1536K, 0% used [0x00000000eac80000,0x00000000eac80000,0x00000000eae00000)
 ParOldGen       total 129536K, used 107735K [0x00000000c0000000, 0x00000000c7e80000, 0x00000000eab00000)
  object space 129536K, 83% used [0x00000000c0000000,0x00000000c6935c78,0x00000000c7e80000)
 Metaspace       used 79409K, committed 80832K, reserved 1179648K
  class space    used 8132K, committed 8768K, reserved 1048576K
}
Event: 89.408 GC heap before
{Heap before GC invocations=370 (full 11):
 PSYoungGen      total 3072K, used 2564K [0x00000000eab00000, 0x00000000eaf80000, 0x0000000100000000)
  eden space 1536K, 96% used [0x00000000eab00000,0x00000000eac711e8,0x00000000eac80000)
  from space 1536K, 70% used [0x00000000eae00000,0x00000000eaf10000,0x00000000eaf80000)
  to   space 1536K, 0% used [0x00000000eac80000,0x00000000eac80000,0x00000000eae00000)
 ParOldGen       total 129536K, used 107735K [0x00000000c0000000, 0x00000000c7e80000, 0x00000000eab00000)
  object space 129536K, 83% used [0x00000000c0000000,0x00000000c6935c78,0x00000000c7e80000)
 Metaspace       used 79409K, committed 80832K, reserved 1179648K
  class space    used 8132K, committed 8768K, reserved 1048576K
}
Event: 89.410 GC heap after
{Heap after GC invocations=370 (full 11):
 PSYoungGen      total 3072K, used 1088K [0x00000000eab00000, 0x00000000eaf80000, 0x0000000100000000)
  eden space 1536K, 0% used [0x00000000eab00000,0x00000000eab00000,0x00000000eac80000)
  from space 1536K, 70% used [0x00000000eac80000,0x00000000ead90000,0x00000000eae00000)
  to   space 1536K, 0% used [0x00000000eae00000,0x00000000eae00000,0x00000000eaf80000)
 ParOldGen       total 129536K, used 107735K [0x00000000c0000000, 0x00000000c7e80000, 0x00000000eab00000)
  object space 129536K, 83% used [0x00000000c0000000,0x00000000c6935c78,0x00000000c7e80000)
 Metaspace       used 79409K, committed 80832K, reserved 1179648K
  class space    used 8132K, committed 8768K, reserved 1048576K
}
Event: 89.457 GC heap before
{Heap before GC invocations=371 (full 11):
 PSYoungGen      total 3072K, used 2606K [0x00000000eab00000, 0x00000000eaf80000, 0x0000000100000000)
  eden space 1536K, 98% used [0x00000000eab00000,0x00000000eac7b9e0,0x00000000eac80000)
  from space 1536K, 70% used [0x00000000eac80000,0x00000000ead90000,0x00000000eae00000)
  to   space 1536K, 0% used [0x00000000eae00000,0x00000000eae00000,0x00000000eaf80000)
 ParOldGen       total 129536K, used 107735K [0x00000000c0000000, 0x00000000c7e80000, 0x00000000eab00000)
  object space 129536K, 83% used [0x00000000c0000000,0x00000000c6935c78,0x00000000c7e80000)
 Metaspace       used 79409K, committed 80832K, reserved 1179648K
  class space    used 8132K, committed 8768K, reserved 1048576K
}
Event: 89.459 GC heap after
{Heap after GC invocations=371 (full 11):
 PSYoungGen      total 3072K, used 1088K [0x00000000eab00000, 0x00000000eaf80000, 0x0000000100000000)
  eden space 1536K, 0% used [0x00000000eab00000,0x00000000eab00000,0x00000000eac80000)
  from space 1536K, 70% used [0x00000000eae00000,0x00000000eaf10000,0x00000000eaf80000)
  to   space 1536K, 0% used [0x00000000eac80000,0x00000000eac80000,0x00000000eae00000)
 ParOldGen       total 129536K, used 107735K [0x00000000c0000000, 0x00000000c7e80000, 0x00000000eab00000)
  object space 129536K, 83% used [0x00000000c0000000,0x00000000c6935c78,0x00000000c7e80000)
 Metaspace       used 79409K, committed 80832K, reserved 1179648K
  class space    used 8132K, committed 8768K, reserved 1048576K
}
Event: 89.472 GC heap before
{Heap before GC invocations=372 (full 11):
 PSYoungGen      total 3072K, used 2601K [0x00000000eab00000, 0x00000000eaf80000, 0x0000000100000000)
  eden space 1536K, 98% used [0x00000000eab00000,0x00000000eac7a6e8,0x00000000eac80000)
  from space 1536K, 70% used [0x00000000eae00000,0x00000000eaf10000,0x00000000eaf80000)
  to   space 1536K, 0% used [0x00000000eac80000,0x00000000eac80000,0x00000000eae00000)
 ParOldGen       total 129536K, used 107735K [0x00000000c0000000, 0x00000000c7e80000, 0x00000000eab00000)
  object space 129536K, 83% used [0x00000000c0000000,0x00000000c6935c78,0x00000000c7e80000)
 Metaspace       used 79420K, committed 80832K, reserved 1179648K
  class space    used 8132K, committed 8768K, reserved 1048576K
}
Event: 89.474 GC heap after
{Heap after GC invocations=372 (full 11):
 PSYoungGen      total 3072K, used 1120K [0x00000000eab00000, 0x00000000eaf80000, 0x0000000100000000)
  eden space 1536K, 0% used [0x00000000eab00000,0x00000000eab00000,0x00000000eac80000)
  from space 1536K, 72% used [0x00000000eac80000,0x00000000ead98000,0x00000000eae00000)
  to   space 1536K, 0% used [0x00000000eae00000,0x00000000eae00000,0x00000000eaf80000)
 ParOldGen       total 129536K, used 107735K [0x00000000c0000000, 0x00000000c7e80000, 0x00000000eab00000)
  object space 129536K, 83% used [0x00000000c0000000,0x00000000c6935c78,0x00000000c7e80000)
 Metaspace       used 79420K, committed 80832K, reserved 1179648K
  class space    used 8132K, committed 8768K, reserved 1048576K
}
Event: 89.510 GC heap before
{Heap before GC invocations=373 (full 11):
 PSYoungGen      total 3072K, used 2647K [0x00000000eab00000, 0x00000000eaf80000, 0x0000000100000000)
  eden space 1536K, 99% used [0x00000000eab00000,0x00000000eac7dd10,0x00000000eac80000)
  from space 1536K, 72% used [0x00000000eac80000,0x00000000ead98000,0x00000000eae00000)
  to   space 1536K, 0% used [0x00000000eae00000,0x00000000eae00000,0x00000000eaf80000)
 ParOldGen       total 129536K, used 107735K [0x00000000c0000000, 0x00000000c7e80000, 0x00000000eab00000)
  object space 129536K, 83% used [0x00000000c0000000,0x00000000c6935c78,0x00000000c7e80000)
 Metaspace       used 79420K, committed 80832K, reserved 1179648K
  class space    used 8132K, committed 8768K, reserved 1048576K
}
Event: 89.511 GC heap after
{Heap after GC invocations=373 (full 11):
 PSYoungGen      total 3072K, used 1152K [0x00000000eab00000, 0x00000000eaf80000, 0x0000000100000000)
  eden space 1536K, 0% used [0x00000000eab00000,0x00000000eab00000,0x00000000eac80000)
  from space 1536K, 75% used [0x00000000eae00000,0x00000000eaf20000,0x00000000eaf80000)
  to   space 1536K, 0% used [0x00000000eac80000,0x00000000eac80000,0x00000000eae00000)
 ParOldGen       total 129536K, used 107751K [0x00000000c0000000, 0x00000000c7e80000, 0x00000000eab00000)
  object space 129536K, 83% used [0x00000000c0000000,0x00000000c6939c78,0x00000000c7e80000)
 Metaspace       used 79420K, committed 80832K, reserved 1179648K
  class space    used 8132K, committed 8768K, reserved 1048576K
}
Event: 89.527 GC heap before
{Heap before GC invocations=374 (full 11):
 PSYoungGen      total 3072K, used 2688K [0x00000000eab00000, 0x00000000eaf80000, 0x0000000100000000)
  eden space 1536K, 100% used [0x00000000eab00000,0x00000000eac80000,0x00000000eac80000)
  from space 1536K, 75% used [0x00000000eae00000,0x00000000eaf20000,0x00000000eaf80000)
  to   space 1536K, 0% used [0x00000000eac80000,0x00000000eac80000,0x00000000eae00000)
 ParOldGen       total 129536K, used 107751K [0x00000000c0000000, 0x00000000c7e80000, 0x00000000eab00000)
  object space 129536K, 83% used [0x00000000c0000000,0x00000000c6939c78,0x00000000c7e80000)
 Metaspace       used 79420K, committed 80832K, reserved 1179648K
  class space    used 8132K, committed 8768K, reserved 1048576K
}
Event: 89.529 GC heap after
{Heap after GC invocations=374 (full 11):
 PSYoungGen      total 3072K, used 1120K [0x00000000eab00000, 0x00000000eaf80000, 0x0000000100000000)
  eden space 1536K, 0% used [0x00000000eab00000,0x00000000eab00000,0x00000000eac80000)
  from space 1536K, 72% used [0x00000000eac80000,0x00000000ead98000,0x00000000eae00000)
  to   space 1536K, 0% used [0x00000000eae00000,0x00000000eae00000,0x00000000eaf80000)
 ParOldGen       total 129536K, used 107831K [0x00000000c0000000, 0x00000000c7e80000, 0x00000000eab00000)
  object space 129536K, 83% used [0x00000000c0000000,0x00000000c694dc78,0x00000000c7e80000)
 Metaspace       used 79420K, committed 80832K, reserved 1179648K
  class space    used 8132K, committed 8768K, reserved 1048576K
}

